DEBUG:urllib3.connectionpool:Starting new HTTPS connection (1): www.basketball-reference.com:443
DEBUG:urllib3.connectionpool:https://www.basketball-reference.com:443 "GET /boxscores/?month=11&day=20&year=2019 HTTP/1.1" 200 None
DEBUG:urllib3.connectionpool:Starting new HTTPS connection (1): www.basketball-reference.com:443
DEBUG:urllib3.connectionpool:https://www.basketball-reference.com:443 "GET /boxscores/201911200ATL.html HTTP/1.1" 200 None
DEBUG:urllib3.connectionpool:Starting new HTTPS connection (1): www.basketball-reference.com:443
DEBUG:urllib3.connectionpool:https://www.basketball-reference.com:443 "GET /boxscores/?month=11&day=20&year=2019 HTTP/1.1" 200 None
DEBUG:urllib3.connectionpool:Starting new HTTPS connection (1): www.basketball-reference.com:443
DEBUG:urllib3.connectionpool:https://www.basketball-reference.com:443 "GET /boxscores/201911200ATL.html HTTP/1.1" 200 None
DEBUG:urllib3.connectionpool:Starting new HTTPS connection (1): www.basketball-reference.com:443
DEBUG:urllib3.connectionpool:https://www.basketball-reference.com:443 "GET /boxscores/?month=11&day=20&year=2019 HTTP/1.1" 200 None
DEBUG:urllib3.connectionpool:Starting new HTTPS connection (1): www.basketball-reference.com:443
DEBUG:urllib3.connectionpool:https://www.basketball-reference.com:443 "GET /boxscores/201911200ATL.html HTTP/1.1" 200 None
DEBUG:urllib3.connectionpool:Starting new HTTPS connection (1): www.basketball-reference.com:443
DEBUG:urllib3.connectionpool:https://www.basketball-reference.com:443 "GET /boxscores/?month=11&day=20&year=2019 HTTP/1.1" 200 None
DEBUG:urllib3.connectionpool:Starting new HTTPS connection (1): www.basketball-reference.com:443
DEBUG:urllib3.connectionpool:https://www.basketball-reference.com:443 "GET /boxscores/201911200ATL.html HTTP/1.1" 200 None
DEBUG:urllib3.connectionpool:Starting new HTTPS connection (1): www.basketball-reference.com:443
DEBUG:urllib3.connectionpool:https://www.basketball-reference.com:443 "GET /boxscores/?month=11&day=20&year=2019 HTTP/1.1" 200 None
DEBUG:urllib3.connectionpool:Starting new HTTPS connection (1): www.basketball-reference.com:443
DEBUG:urllib3.connectionpool:https://www.basketball-reference.com:443 "GET /boxscores/201911200ATL.html HTTP/1.1" 200 None
DEBUG:urllib3.connectionpool:Starting new HTTPS connection (1): www.basketball-reference.com:443
DEBUG:urllib3.connectionpool:https://www.basketball-reference.com:443 "GET /boxscores/?month=11&day=20&year=2019 HTTP/1.1" 200 None
DEBUG:urllib3.connectionpool:Starting new HTTPS connection (1): www.basketball-reference.com:443
DEBUG:urllib3.connectionpool:https://www.basketball-reference.com:443 "GET /boxscores/201911200ATL.html HTTP/1.1" 200 None
DEBUG:urllib3.connectionpool:Starting new HTTPS connection (1): www.basketball-reference.com:443
DEBUG:urllib3.connectionpool:https://www.basketball-reference.com:443 "GET /boxscores/?month=11&day=20&year=2019 HTTP/1.1" 200 None
DEBUG:urllib3.connectionpool:Starting new HTTPS connection (1): www.basketball-reference.com:443
DEBUG:urllib3.connectionpool:https://www.basketball-reference.com:443 "GET /boxscores/201911200ATL.html HTTP/1.1" 200 None
DEBUG:urllib3.connectionpool:Starting new HTTPS connection (1): www.basketball-reference.com:443
DEBUG:urllib3.connectionpool:https://www.basketball-reference.com:443 "GET /boxscores/?month=11&day=20&year=2019 HTTP/1.1" 200 None
DEBUG:urllib3.connectionpool:Starting new HTTPS connection (1): www.basketball-reference.com:443
DEBUG:urllib3.connectionpool:https://www.basketball-reference.com:443 "GET /boxscores/201911200ATL.html HTTP/1.1" 200 None
DEBUG:urllib3.connectionpool:Starting new HTTPS connection (1): www.basketball-reference.com:443
DEBUG:urllib3.connectionpool:https://www.basketball-reference.com:443 "GET /boxscores/201911200BRK.html HTTP/1.1" 200 None
DEBUG:urllib3.connectionpool:Starting new HTTPS connection (1): www.basketball-reference.com:443
DEBUG:urllib3.connectionpool:https://www.basketball-reference.com:443 "GET /boxscores/201911200CHI.html HTTP/1.1" 200 None
DEBUG:urllib3.connectionpool:Starting new HTTPS connection (1): www.basketball-reference.com:443
DEBUG:urllib3.connectionpool:https://www.basketball-reference.com:443 "GET /boxscores/201911200DAL.html HTTP/1.1" 200 None
DEBUG:urllib3.connectionpool:Starting new HTTPS connection (1): www.basketball-reference.com:443
DEBUG:urllib3.connectionpool:https://www.basketball-reference.com:443 "GET /boxscores/201911200DEN.html HTTP/1.1" 200 None
DEBUG:urllib3.connectionpool:Starting new HTTPS connection (1): www.basketball-reference.com:443
DEBUG:urllib3.connectionpool:https://www.basketball-reference.com:443 "GET /boxscores/201911200LAC.html HTTP/1.1" 200 None
DEBUG:urllib3.connectionpool:Starting new HTTPS connection (1): www.basketball-reference.com:443
DEBUG:urllib3.connectionpool:https://www.basketball-reference.com:443 "GET /boxscores/201911200MIA.html HTTP/1.1" 200 None
DEBUG:urllib3.connectionpool:Starting new HTTPS connection (1): www.basketball-reference.com:443
DEBUG:urllib3.connectionpool:https://www.basketball-reference.com:443 "GET /boxscores/201911200MIN.html HTTP/1.1" 200 None
DEBUG:urllib3.connectionpool:Starting new HTTPS connection (1): www.basketball-reference.com:443
DEBUG:urllib3.connectionpool:https://www.basketball-reference.com:443 "GET /boxscores/201911200PHI.html HTTP/1.1" 200 None
DEBUG:urllib3.connectionpool:Starting new HTTPS connection (1): www.basketball-reference.com:443
DEBUG:urllib3.connectionpool:https://www.basketball-reference.com:443 "GET /boxscores/201911200TOR.html HTTP/1.1" 200 None
DEBUG:urllib3.connectionpool:Starting new HTTPS connection (1): www.basketball-reference.com:443
DEBUG:urllib3.connectionpool:https://www.basketball-reference.com:443 "GET /boxscores/201911200WAS.html HTTP/1.1" 200 None
DEBUG:urllib3.connectionpool:Starting new HTTPS connection (1): www.basketball-reference.com:443
DEBUG:urllib3.connectionpool:https://www.basketball-reference.com:443 "GET /boxscores/?month=11&day=21&year=2019 HTTP/1.1" 200 None
DEBUG:urllib3.connectionpool:Starting new HTTPS connection (1): www.basketball-reference.com:443
DEBUG:urllib3.connectionpool:https://www.basketball-reference.com:443 "GET /boxscores/201911210MIL.html HTTP/1.1" 200 None
DEBUG:urllib3.connectionpool:Starting new HTTPS connection (1): www.basketball-reference.com:443
DEBUG:urllib3.connectionpool:https://www.basketball-reference.com:443 "GET /boxscores/201911210PHO.html HTTP/1.1" 200 None
DEBUG:urllib3.connectionpool:Starting new HTTPS connection (1): www.basketball-reference.com:443
DEBUG:urllib3.connectionpool:https://www.basketball-reference.com:443 "GET /boxscores/?month=11&day=22&year=2019 HTTP/1.1" 200 None
DEBUG:urllib3.connectionpool:Starting new HTTPS connection (1): www.basketball-reference.com:443
DEBUG:urllib3.connectionpool:https://www.basketball-reference.com:443 "GET /boxscores/201911220BRK.html HTTP/1.1" 200 None
DEBUG:urllib3.connectionpool:Starting new HTTPS connection (1): www.basketball-reference.com:443
DEBUG:urllib3.connectionpool:https://www.basketball-reference.com:443 "GET /boxscores/201911220CHI.html HTTP/1.1" 200 None
DEBUG:urllib3.connectionpool:Starting new HTTPS connection (1): www.basketball-reference.com:443
DEBUG:urllib3.connectionpool:https://www.basketball-reference.com:443 "GET /boxscores/201911220DAL.html HTTP/1.1" 200 None
DEBUG:urllib3.connectionpool:Starting new HTTPS connection (1): www.basketball-reference.com:443
DEBUG:urllib3.connectionpool:https://www.basketball-reference.com:443 "GET /boxscores/201911220DEN.html HTTP/1.1" 200 None
DEBUG:urllib3.connectionpool:Starting new HTTPS connection (1): www.basketball-reference.com:443
DEBUG:urllib3.connectionpool:https://www.basketball-reference.com:443 "GET /boxscores/201911220DET.html HTTP/1.1" 200 None
DEBUG:urllib3.connectionpool:Starting new HTTPS connection (1): www.basketball-reference.com:443
DEBUG:urllib3.connectionpool:https://www.basketball-reference.com:443 "GET /boxscores/201911220LAC.html HTTP/1.1" 200 None
DEBUG:urllib3.connectionpool:Starting new HTTPS connection (1): www.basketball-reference.com:443
DEBUG:urllib3.connectionpool:https://www.basketball-reference.com:443 "GET /boxscores/201911220OKC.html HTTP/1.1" 200 None
DEBUG:urllib3.connectionpool:Starting new HTTPS connection (1): www.basketball-reference.com:443
DEBUG:urllib3.connectionpool:https://www.basketball-reference.com:443 "GET /boxscores/201911220PHI.html HTTP/1.1" 200 None
DEBUG:urllib3.connectionpool:Starting new HTTPS connection (1): www.basketball-reference.com:443
DEBUG:urllib3.connectionpool:https://www.basketball-reference.com:443 "GET /boxscores/201911220UTA.html HTTP/1.1" 200 None
DEBUG:urllib3.connectionpool:Starting new HTTPS connection (1): www.basketball-reference.com:443
DEBUG:urllib3.connectionpool:https://www.basketball-reference.com:443 "GET /boxscores/201911220WAS.html HTTP/1.1" 200 None
DEBUG:urllib3.connectionpool:Starting new HTTPS connection (1): www.basketball-reference.com:443
DEBUG:urllib3.connectionpool:https://www.basketball-reference.com:443 "GET /boxscores/?month=11&day=23&year=2019 HTTP/1.1" 200 None
DEBUG:urllib3.connectionpool:Starting new HTTPS connection (1): www.basketball-reference.com:443
DEBUG:urllib3.connectionpool:https://www.basketball-reference.com:443 "GET /boxscores/201911230ATL.html HTTP/1.1" 200 None
DEBUG:urllib3.connectionpool:Starting new HTTPS connection (1): www.basketball-reference.com:443
DEBUG:urllib3.connectionpool:https://www.basketball-reference.com:443 "GET /boxscores/201911230CHO.html HTTP/1.1" 200 None
DEBUG:urllib3.connectionpool:Starting new HTTPS connection (1): www.basketball-reference.com:443
DEBUG:urllib3.connectionpool:https://www.basketball-reference.com:443 "GET /boxscores/201911230CLE.html HTTP/1.1" 200 None
DEBUG:urllib3.connectionpool:Starting new HTTPS connection (1): www.basketball-reference.com:443
DEBUG:urllib3.connectionpool:https://www.basketball-reference.com:443 "GET /boxscores/201911230IND.html HTTP/1.1" 200 None
DEBUG:urllib3.connectionpool:Starting new HTTPS connection (1): www.basketball-reference.com:443
DEBUG:urllib3.connectionpool:https://www.basketball-reference.com:443 "GET /boxscores/201911230MEM.html HTTP/1.1" 200 None
DEBUG:urllib3.connectionpool:Starting new HTTPS connection (1): www.basketball-reference.com:443
DEBUG:urllib3.connectionpool:https://www.basketball-reference.com:443 "GET /boxscores/201911230MIL.html HTTP/1.1" 200 None
DEBUG:urllib3.connectionpool:Starting new HTTPS connection (1): www.basketball-reference.com:443
DEBUG:urllib3.connectionpool:https://www.basketball-reference.com:443 "GET /boxscores/201911230MIN.html HTTP/1.1" 200 None
DEBUG:urllib3.connectionpool:Starting new HTTPS connection (1): www.basketball-reference.com:443
DEBUG:urllib3.connectionpool:https://www.basketball-reference.com:443 "GET /boxscores/201911230NYK.html HTTP/1.1" 200 None
DEBUG:urllib3.connectionpool:Starting new HTTPS connection (1): www.basketball-reference.com:443
DEBUG:urllib3.connectionpool:https://www.basketball-reference.com:443 "GET /boxscores/201911230PHI.html HTTP/1.1" 200 None
DEBUG:urllib3.connectionpool:Starting new HTTPS connection (1): www.basketball-reference.com:443
DEBUG:urllib3.connectionpool:https://www.basketball-reference.com:443 "GET /boxscores/201911230UTA.html HTTP/1.1" 200 None
DEBUG:urllib3.connectionpool:Starting new HTTPS connection (1): www.basketball-reference.com:443
DEBUG:urllib3.connectionpool:https://www.basketball-reference.com:443 "GET /boxscores/?month=11&day=24&year=2019 HTTP/1.1" 200 None
DEBUG:urllib3.connectionpool:Starting new HTTPS connection (1): www.basketball-reference.com:443
DEBUG:urllib3.connectionpool:https://www.basketball-reference.com:443 "GET /boxscores/?month=11&day=25&year=2019 HTTP/1.1" 200 None
DEBUG:urllib3.connectionpool:Starting new HTTPS connection (1): www.basketball-reference.com:443
DEBUG:urllib3.connectionpool:https://www.basketball-reference.com:443 "GET /boxscores/?month=11&day=26&year=2019 HTTP/1.1" 200 None
DEBUG:urllib3.connectionpool:Starting new HTTPS connection (1): www.basketball-reference.com:443
DEBUG:urllib3.connectionpool:https://www.basketball-reference.com:443 "GET /boxscores/?month=11&day=27&year=2019 HTTP/1.1" 200 None
DEBUG:urllib3.connectionpool:Starting new HTTPS connection (1): www.basketball-reference.com:443
DEBUG:urllib3.connectionpool:https://www.basketball-reference.com:443 "GET /boxscores/?month=11&day=28&year=2019 HTTP/1.1" 200 None
